<?xml version="1.0" encoding="UTF-8"?>
<testng-results skipped="0" failed="0" ignored="0" total="1" passed="1">
  <reporter-output>
  </reporter-output>
  <suite name="Suite" duration-ms="186252" started-at="2018-11-24T12:32:47Z" finished-at="2018-11-24T12:35:53Z">
    <groups>
    </groups>
    <test name="Test" duration-ms="186252" started-at="2018-11-24T12:32:47Z" finished-at="2018-11-24T12:35:53Z">
      <class name="com.cjc.facebookAutomation.Facebook">
        <test-method status="PASS" signature="Open_Browser()[pri:0, instance:com.cjc.facebookAutomation.Facebook@6b71769e]" name="Open_Browser" is-config="true" duration-ms="4356" started-at="2018-11-24T12:32:43Z" finished-at="2018-11-24T12:32:47Z">
          <reporter-output>
          </reporter-output>
        </test-method> <!-- Open_Browser -->
        <test-method status="PASS" signature="enter_appliaction_url()[pri:0, instance:com.cjc.facebookAutomation.Facebook@6b71769e]" name="enter_appliaction_url" is-config="true" duration-ms="183992" started-at="2018-11-24T12:32:47Z" finished-at="2018-11-24T12:35:51Z">
          <reporter-output>
          </reporter-output>
        </test-method> <!-- enter_appliaction_url -->
        <test-method status="PASS" signature="delete_all_cookies()[pri:0, instance:com.cjc.facebookAutomation.Facebook@6b71769e]" name="delete_all_cookies" is-config="true" duration-ms="771" started-at="2018-11-24T12:35:51Z" finished-at="2018-11-24T12:35:52Z">
          <reporter-output>
          </reporter-output>
        </test-method> <!-- delete_all_cookies -->
        <test-method status="PASS" signature="enter_valid_Details()[pri:0, instance:com.cjc.facebookAutomation.Facebook@6b71769e]" name="enter_valid_Details" duration-ms="1467" started-at="2018-11-24T12:35:52Z" finished-at="2018-11-24T12:35:53Z">
          <reporter-output>
          </reporter-output>
        </test-method> <!-- enter_valid_Details -->
      </class> <!-- com.cjc.facebookAutomation.Facebook -->
    </test> <!-- Test -->
  </suite> <!-- Suite -->
</testng-results>
